p/1724480843960.jpg 1 0 0 833 833
p/1724480837419.jpg 1 0 0 1665 1665
p/1724480832708.jpg 1 0 0 1297 1297
p/1724480826272.jpg 1 0 0 2650 2650
p/1724480819403.jpg 1 0 0 1075 1075
p/1724480813721.jpg 1 0 0 984 984
p/1724480809063.jpg 1 0 0 1085 1085
p/1724480803766.jpg 1 0 0 848 848
p/1724480798587.jpg 1 0 0 1332 1332
p/1724480793928.jpg 1 0 0 1156 1156
p/1724480788825.jpg 1 0 0 1085 1085
p/1724480784076.jpg 1 0 0 1721 1721
p/1724480779705.jpg 1 0 0 1782 1782
p/1724480774670.jpg 1 0 0 1302 1302
p/1724480768555.jpg 1 0 0 2301 2301
p/1724480762266.jpg 1 0 0 1716 1716
p/1724480757073.jpg 1 0 0 1433 1433
p/1724480747604.jpg 1 0 0 1842 1842
p/1724480741234.jpg 1 0 0 1196 1196
p/1724480735866.jpg 1 0 0 1443 1443
p/1724480729011.jpg 1 0 0 1479 1479
p/1724480722802.jpg 1 0 0 1464 1464
p/1724480713926.jpg 1 0 0 1393 1393
p/1724480705487.jpg 1 0 0 1216 1216
p/1724480693875.jpg 1 0 0 2493 2493